{"/home/eyal/dev/repo-ng/dist/src/pagination/pagination.service.js": {"path":"/home/eyal/dev/repo-ng/dist/src/pagination/pagination.service.js","statementMap":{"0":{"start":{"line":2,"column":17},"end":{"line":7,"column":1}},"1":{"start":{"line":3,"column":12},"end":{"line":3,"column":28}},"2":{"start":{"line":3,"column":34},"end":{"line":3,"column":125}},"3":{"start":{"line":4,"column":4},"end":{"line":5,"column":150}},"4":{"start":{"line":4,"column":79},"end":{"line":4,"column":131}},"5":{"start":{"line":5,"column":9},"end":{"line":5,"column":150}},"6":{"start":{"line":5,"column":22},"end":{"line":5,"column":43}},"7":{"start":{"line":5,"column":58},"end":{"line":5,"column":150}},"8":{"start":{"line":5,"column":81},"end":{"line":5,"column":150}},"9":{"start":{"line":6,"column":4},"end":{"line":6,"column":66}},"10":{"start":{"line":8,"column":17},"end":{"line":10,"column":1}},"11":{"start":{"line":9,"column":4},"end":{"line":9,"column":109}},"12":{"start":{"line":9,"column":79},"end":{"line":9,"column":109}},"13":{"start":{"line":11,"column":0},"end":{"line":11,"column":62}},"14":{"start":{"line":12,"column":0},"end":{"line":12,"column":35}},"15":{"start":{"line":13,"column":17},"end":{"line":13,"column":42}},"16":{"start":{"line":14,"column":30},"end":{"line":14,"column":75}},"17":{"start":{"line":15,"column":24},"end":{"line":27,"column":1}},"18":{"start":{"line":17,"column":8},"end":{"line":17,"column":53}},"19":{"start":{"line":20,"column":23},"end":{"line":23,"column":9}},"20":{"start":{"line":24,"column":27},"end":{"line":24,"column":79}},"21":{"start":{"line":25,"column":8},"end":{"line":25,"column":22}},"22":{"start":{"line":28,"column":0},"end":{"line":31,"column":22}},"23":{"start":{"line":32,"column":0},"end":{"line":32,"column":46}}},"fnMap":{"0":{"name":"(anonymous_0)","decl":{"start":{"line":2,"column":46},"end":{"line":2,"column":47}},"loc":{"start":{"line":2,"column":87},"end":{"line":7,"column":1}},"line":2},"1":{"name":"(anonymous_1)","decl":{"start":{"line":8,"column":46},"end":{"line":8,"column":47}},"loc":{"start":{"line":8,"column":62},"end":{"line":10,"column":1}},"line":8},"2":{"name":"(anonymous_2)","decl":{"start":{"line":16,"column":4},"end":{"line":16,"column":5}},"loc":{"start":{"line":16,"column":36},"end":{"line":18,"column":5}},"line":16},"3":{"name":"(anonymous_3)","decl":{"start":{"line":19,"column":4},"end":{"line":19,"column":5}},"loc":{"start":{"line":19,"column":42},"end":{"line":26,"column":5}},"line":19}},"branchMap":{"0":{"loc":{"start":{"line":2,"column":17},"end":{"line":7,"column":1}},"type":"binary-expr","locations":[{"start":{"line":2,"column":18},"end":{"line":2,"column":22}},{"start":{"line":2,"column":26},"end":{"line":2,"column":41}},{"start":{"line":2,"column":46},"end":{"line":7,"column":1}}],"line":2},"1":{"loc":{"start":{"line":3,"column":34},"end":{"line":3,"column":125}},"type":"cond-expr","locations":[{"start":{"line":3,"column":42},"end":{"line":3,"column":48}},{"start":{"line":3,"column":51},"end":{"line":3,"column":125}}],"line":3},"2":{"loc":{"start":{"line":3,"column":51},"end":{"line":3,"column":125}},"type":"cond-expr","locations":[{"start":{"line":3,"column":67},"end":{"line":3,"column":118}},{"start":{"line":3,"column":121},"end":{"line":3,"column":125}}],"line":3},"3":{"loc":{"start":{"line":4,"column":4},"end":{"line":5,"column":150}},"type":"if","locations":[{"start":{"line":4,"column":4},"end":{"line":5,"column":150}},{"start":{"line":5,"column":9},"end":{"line":5,"column":150}}],"line":4},"4":{"loc":{"start":{"line":4,"column":8},"end":{"line":4,"column":77}},"type":"binary-expr","locations":[{"start":{"line":4,"column":8},"end":{"line":4,"column":35}},{"start":{"line":4,"column":39},"end":{"line":4,"column":77}}],"line":4},"5":{"loc":{"start":{"line":5,"column":58},"end":{"line":5,"column":150}},"type":"if","locations":[{"start":{"line":5,"column":58},"end":{"line":5,"column":150}},{"start":{},"end":{}}],"line":5},"6":{"loc":{"start":{"line":5,"column":85},"end":{"line":5,"column":149}},"type":"binary-expr","locations":[{"start":{"line":5,"column":86},"end":{"line":5,"column":143}},{"start":{"line":5,"column":148},"end":{"line":5,"column":149}}],"line":5},"7":{"loc":{"start":{"line":5,"column":86},"end":{"line":5,"column":143}},"type":"cond-expr","locations":[{"start":{"line":5,"column":94},"end":{"line":5,"column":98}},{"start":{"line":5,"column":101},"end":{"line":5,"column":143}}],"line":5},"8":{"loc":{"start":{"line":5,"column":101},"end":{"line":5,"column":143}},"type":"cond-expr","locations":[{"start":{"line":5,"column":109},"end":{"line":5,"column":126}},{"start":{"line":5,"column":129},"end":{"line":5,"column":143}}],"line":5},"9":{"loc":{"start":{"line":6,"column":11},"end":{"line":6,"column":62}},"type":"binary-expr","locations":[{"start":{"line":6,"column":11},"end":{"line":6,"column":16}},{"start":{"line":6,"column":20},"end":{"line":6,"column":21}},{"start":{"line":6,"column":25},"end":{"line":6,"column":62}}],"line":6},"10":{"loc":{"start":{"line":8,"column":17},"end":{"line":10,"column":1}},"type":"binary-expr","locations":[{"start":{"line":8,"column":18},"end":{"line":8,"column":22}},{"start":{"line":8,"column":26},"end":{"line":8,"column":41}},{"start":{"line":8,"column":46},"end":{"line":10,"column":1}}],"line":8},"11":{"loc":{"start":{"line":9,"column":4},"end":{"line":9,"column":109}},"type":"if","locations":[{"start":{"line":9,"column":4},"end":{"line":9,"column":109}},{"start":{},"end":{}}],"line":9},"12":{"loc":{"start":{"line":9,"column":8},"end":{"line":9,"column":77}},"type":"binary-expr","locations":[{"start":{"line":9,"column":8},"end":{"line":9,"column":35}},{"start":{"line":9,"column":39},"end":{"line":9,"column":77}}],"line":9},"13":{"loc":{"start":{"line":19,"column":29},"end":{"line":19,"column":40}},"type":"default-arg","locations":[{"start":{"line":19,"column":37},"end":{"line":19,"column":40}}],"line":19}},"s":{"0":1,"1":1,"2":1,"3":1,"4":1,"5":0,"6":0,"7":0,"8":0,"9":1,"10":1,"11":1,"12":1,"13":1,"14":1,"15":1,"16":1,"17":1,"18":1,"19":1,"20":1,"21":1,"22":1,"23":1},"f":{"0":1,"1":1,"2":1,"3":1},"b":{"0":[1,1,1],"1":[1,0],"2":[0,0],"3":[1,0],"4":[1,1],"5":[0,0],"6":[0,0],"7":[0,0],"8":[0,0],"9":[1,0,0],"10":[1,1,1],"11":[1,0],"12":[1,1],"13":[0]},"inputSourceMap":null,"_coverageSchema":"1a1c01bbd47fc00a2c39e90264f33305004495a9","hash":"4a179fb02069f913a39bdc2560348977c2256143"}
,"/home/eyal/dev/repo-ng/dist/src/persistency/persistency.module.js": {"path":"/home/eyal/dev/repo-ng/dist/src/persistency/persistency.module.js","statementMap":{"0":{"start":{"line":2,"column":17},"end":{"line":7,"column":1}},"1":{"start":{"line":3,"column":12},"end":{"line":3,"column":28}},"2":{"start":{"line":3,"column":34},"end":{"line":3,"column":125}},"3":{"start":{"line":4,"column":4},"end":{"line":5,"column":150}},"4":{"start":{"line":4,"column":79},"end":{"line":4,"column":131}},"5":{"start":{"line":5,"column":9},"end":{"line":5,"column":150}},"6":{"start":{"line":5,"column":22},"end":{"line":5,"column":43}},"7":{"start":{"line":5,"column":58},"end":{"line":5,"column":150}},"8":{"start":{"line":5,"column":81},"end":{"line":5,"column":150}},"9":{"start":{"line":6,"column":4},"end":{"line":6,"column":66}},"10":{"start":{"line":8,"column":0},"end":{"line":8,"column":62}},"11":{"start":{"line":9,"column":0},"end":{"line":9,"column":35}},"12":{"start":{"line":10,"column":17},"end":{"line":10,"column":42}},"13":{"start":{"line":11,"column":30},"end":{"line":11,"column":62}},"14":{"start":{"line":12,"column":24},"end":{"line":13,"column":1}},"15":{"start":{"line":14,"column":0},"end":{"line":19,"column":22}},"16":{"start":{"line":20,"column":0},"end":{"line":20,"column":46}}},"fnMap":{"0":{"name":"(anonymous_0)","decl":{"start":{"line":2,"column":46},"end":{"line":2,"column":47}},"loc":{"start":{"line":2,"column":87},"end":{"line":7,"column":1}},"line":2}},"branchMap":{"0":{"loc":{"start":{"line":2,"column":17},"end":{"line":7,"column":1}},"type":"binary-expr","locations":[{"start":{"line":2,"column":18},"end":{"line":2,"column":22}},{"start":{"line":2,"column":26},"end":{"line":2,"column":41}},{"start":{"line":2,"column":46},"end":{"line":7,"column":1}}],"line":2},"1":{"loc":{"start":{"line":3,"column":34},"end":{"line":3,"column":125}},"type":"cond-expr","locations":[{"start":{"line":3,"column":42},"end":{"line":3,"column":48}},{"start":{"line":3,"column":51},"end":{"line":3,"column":125}}],"line":3},"2":{"loc":{"start":{"line":3,"column":51},"end":{"line":3,"column":125}},"type":"cond-expr","locations":[{"start":{"line":3,"column":67},"end":{"line":3,"column":118}},{"start":{"line":3,"column":121},"end":{"line":3,"column":125}}],"line":3},"3":{"loc":{"start":{"line":4,"column":4},"end":{"line":5,"column":150}},"type":"if","locations":[{"start":{"line":4,"column":4},"end":{"line":5,"column":150}},{"start":{"line":5,"column":9},"end":{"line":5,"column":150}}],"line":4},"4":{"loc":{"start":{"line":4,"column":8},"end":{"line":4,"column":77}},"type":"binary-expr","locations":[{"start":{"line":4,"column":8},"end":{"line":4,"column":35}},{"start":{"line":4,"column":39},"end":{"line":4,"column":77}}],"line":4},"5":{"loc":{"start":{"line":5,"column":58},"end":{"line":5,"column":150}},"type":"if","locations":[{"start":{"line":5,"column":58},"end":{"line":5,"column":150}},{"start":{},"end":{}}],"line":5},"6":{"loc":{"start":{"line":5,"column":85},"end":{"line":5,"column":149}},"type":"binary-expr","locations":[{"start":{"line":5,"column":86},"end":{"line":5,"column":143}},{"start":{"line":5,"column":148},"end":{"line":5,"column":149}}],"line":5},"7":{"loc":{"start":{"line":5,"column":86},"end":{"line":5,"column":143}},"type":"cond-expr","locations":[{"start":{"line":5,"column":94},"end":{"line":5,"column":98}},{"start":{"line":5,"column":101},"end":{"line":5,"column":143}}],"line":5},"8":{"loc":{"start":{"line":5,"column":101},"end":{"line":5,"column":143}},"type":"cond-expr","locations":[{"start":{"line":5,"column":109},"end":{"line":5,"column":126}},{"start":{"line":5,"column":129},"end":{"line":5,"column":143}}],"line":5},"9":{"loc":{"start":{"line":6,"column":11},"end":{"line":6,"column":62}},"type":"binary-expr","locations":[{"start":{"line":6,"column":11},"end":{"line":6,"column":16}},{"start":{"line":6,"column":20},"end":{"line":6,"column":21}},{"start":{"line":6,"column":25},"end":{"line":6,"column":62}}],"line":6}},"s":{"0":1,"1":1,"2":1,"3":1,"4":1,"5":0,"6":0,"7":0,"8":0,"9":1,"10":1,"11":1,"12":1,"13":1,"14":1,"15":1,"16":1},"f":{"0":1},"b":{"0":[1,1,1],"1":[1,0],"2":[0,0],"3":[1,0],"4":[1,1],"5":[0,0],"6":[0,0],"7":[0,0],"8":[0,0],"9":[1,0,0]},"inputSourceMap":null,"_coverageSchema":"1a1c01bbd47fc00a2c39e90264f33305004495a9","hash":"976b561a7c2102b8d06129befb2a8fc80a2d54a7"}
,"/home/eyal/dev/repo-ng/dist/src/persistency/persistency.service.js": {"path":"/home/eyal/dev/repo-ng/dist/src/persistency/persistency.service.js","statementMap":{"0":{"start":{"line":2,"column":17},"end":{"line":7,"column":1}},"1":{"start":{"line":3,"column":12},"end":{"line":3,"column":28}},"2":{"start":{"line":3,"column":34},"end":{"line":3,"column":125}},"3":{"start":{"line":4,"column":4},"end":{"line":5,"column":150}},"4":{"start":{"line":4,"column":79},"end":{"line":4,"column":131}},"5":{"start":{"line":5,"column":9},"end":{"line":5,"column":150}},"6":{"start":{"line":5,"column":22},"end":{"line":5,"column":43}},"7":{"start":{"line":5,"column":58},"end":{"line":5,"column":150}},"8":{"start":{"line":5,"column":81},"end":{"line":5,"column":150}},"9":{"start":{"line":6,"column":4},"end":{"line":6,"column":66}},"10":{"start":{"line":8,"column":22},"end":{"line":10,"column":1}},"11":{"start":{"line":9,"column":4},"end":{"line":9,"column":62}},"12":{"start":{"line":11,"column":0},"end":{"line":11,"column":62}},"13":{"start":{"line":12,"column":0},"end":{"line":12,"column":60}},"14":{"start":{"line":13,"column":17},"end":{"line":13,"column":42}},"15":{"start":{"line":14,"column":17},"end":{"line":14,"column":51}},"16":{"start":{"line":16,"column":4},"end":{"line":17,"column":17}},"17":{"start":{"line":17,"column":8},"end":{"line":17,"column":17}},"18":{"start":{"line":18,"column":4},"end":{"line":19,"column":17}},"19":{"start":{"line":19,"column":8},"end":{"line":19,"column":17}},"20":{"start":{"line":20,"column":4},"end":{"line":21,"column":18}},"21":{"start":{"line":21,"column":8},"end":{"line":21,"column":18}},"22":{"start":{"line":22,"column":4},"end":{"line":23,"column":18}},"23":{"start":{"line":23,"column":8},"end":{"line":23,"column":18}},"24":{"start":{"line":24,"column":4},"end":{"line":25,"column":17}},"25":{"start":{"line":25,"column":8},"end":{"line":25,"column":17}},"26":{"start":{"line":26,"column":4},"end":{"line":27,"column":17}},"27":{"start":{"line":27,"column":8},"end":{"line":27,"column":17}},"28":{"start":{"line":28,"column":4},"end":{"line":29,"column":18}},"29":{"start":{"line":29,"column":8},"end":{"line":29,"column":18}},"30":{"start":{"line":30,"column":4},"end":{"line":30,"column":13}},"31":{"start":{"line":32,"column":0},"end":{"line":32,"column":38}},"32":{"start":{"line":33,"column":25},"end":{"line":83,"column":1}},"33":{"start":{"line":35,"column":8},"end":{"line":66,"column":10}},"34":{"start":{"line":69,"column":8},"end":{"line":81,"column":11}},"35":{"start":{"line":70,"column":30},"end":{"line":70,"column":55}},"36":{"start":{"line":72,"column":43},"end":{"line":72,"column":70}},"37":{"start":{"line":73,"column":12},"end":{"line":74,"column":29}},"38":{"start":{"line":74,"column":16},"end":{"line":74,"column":29}},"39":{"start":{"line":75,"column":12},"end":{"line":75,"column":24}},"40":{"start":{"line":80,"column":12},"end":{"line":80,"column":48}},"41":{"start":{"line":84,"column":0},"end":{"line":86,"column":23}},"42":{"start":{"line":87,"column":0},"end":{"line":87,"column":48}}},"fnMap":{"0":{"name":"(anonymous_0)","decl":{"start":{"line":2,"column":46},"end":{"line":2,"column":47}},"loc":{"start":{"line":2,"column":87},"end":{"line":7,"column":1}},"line":2},"1":{"name":"(anonymous_1)","decl":{"start":{"line":8,"column":56},"end":{"line":8,"column":57}},"loc":{"start":{"line":8,"column":71},"end":{"line":10,"column":1}},"line":8},"2":{"name":"sortByDvAndId","decl":{"start":{"line":15,"column":9},"end":{"line":15,"column":22}},"loc":{"start":{"line":15,"column":29},"end":{"line":31,"column":1}},"line":15},"3":{"name":"(anonymous_3)","decl":{"start":{"line":34,"column":4},"end":{"line":34,"column":5}},"loc":{"start":{"line":34,"column":18},"end":{"line":67,"column":5}},"line":34},"4":{"name":"(anonymous_4)","decl":{"start":{"line":68,"column":4},"end":{"line":68,"column":5}},"loc":{"start":{"line":68,"column":39},"end":{"line":82,"column":5}},"line":68},"5":{"name":"(anonymous_5)","decl":{"start":{"line":70,"column":20},"end":{"line":70,"column":21}},"loc":{"start":{"line":70,"column":30},"end":{"line":70,"column":55}},"line":70},"6":{"name":"(anonymous_6)","decl":{"start":{"line":71,"column":20},"end":{"line":71,"column":21}},"loc":{"start":{"line":71,"column":30},"end":{"line":76,"column":9}},"line":71},"7":{"name":"(anonymous_7)","decl":{"start":{"line":79,"column":17},"end":{"line":79,"column":18}},"loc":{"start":{"line":79,"column":27},"end":{"line":81,"column":9}},"line":79}},"branchMap":{"0":{"loc":{"start":{"line":2,"column":17},"end":{"line":7,"column":1}},"type":"binary-expr","locations":[{"start":{"line":2,"column":18},"end":{"line":2,"column":22}},{"start":{"line":2,"column":26},"end":{"line":2,"column":41}},{"start":{"line":2,"column":46},"end":{"line":7,"column":1}}],"line":2},"1":{"loc":{"start":{"line":3,"column":34},"end":{"line":3,"column":125}},"type":"cond-expr","locations":[{"start":{"line":3,"column":42},"end":{"line":3,"column":48}},{"start":{"line":3,"column":51},"end":{"line":3,"column":125}}],"line":3},"2":{"loc":{"start":{"line":3,"column":51},"end":{"line":3,"column":125}},"type":"cond-expr","locations":[{"start":{"line":3,"column":67},"end":{"line":3,"column":118}},{"start":{"line":3,"column":121},"end":{"line":3,"column":125}}],"line":3},"3":{"loc":{"start":{"line":4,"column":4},"end":{"line":5,"column":150}},"type":"if","locations":[{"start":{"line":4,"column":4},"end":{"line":5,"column":150}},{"start":{"line":5,"column":9},"end":{"line":5,"column":150}}],"line":4},"4":{"loc":{"start":{"line":4,"column":8},"end":{"line":4,"column":77}},"type":"binary-expr","locations":[{"start":{"line":4,"column":8},"end":{"line":4,"column":35}},{"start":{"line":4,"column":39},"end":{"line":4,"column":77}}],"line":4},"5":{"loc":{"start":{"line":5,"column":58},"end":{"line":5,"column":150}},"type":"if","locations":[{"start":{"line":5,"column":58},"end":{"line":5,"column":150}},{"start":{},"end":{}}],"line":5},"6":{"loc":{"start":{"line":5,"column":85},"end":{"line":5,"column":149}},"type":"binary-expr","locations":[{"start":{"line":5,"column":86},"end":{"line":5,"column":143}},{"start":{"line":5,"column":148},"end":{"line":5,"column":149}}],"line":5},"7":{"loc":{"start":{"line":5,"column":86},"end":{"line":5,"column":143}},"type":"cond-expr","locations":[{"start":{"line":5,"column":94},"end":{"line":5,"column":98}},{"start":{"line":5,"column":101},"end":{"line":5,"column":143}}],"line":5},"8":{"loc":{"start":{"line":5,"column":101},"end":{"line":5,"column":143}},"type":"cond-expr","locations":[{"start":{"line":5,"column":109},"end":{"line":5,"column":126}},{"start":{"line":5,"column":129},"end":{"line":5,"column":143}}],"line":5},"9":{"loc":{"start":{"line":6,"column":11},"end":{"line":6,"column":62}},"type":"binary-expr","locations":[{"start":{"line":6,"column":11},"end":{"line":6,"column":16}},{"start":{"line":6,"column":20},"end":{"line":6,"column":21}},{"start":{"line":6,"column":25},"end":{"line":6,"column":62}}],"line":6},"10":{"loc":{"start":{"line":8,"column":22},"end":{"line":10,"column":1}},"type":"binary-expr","locations":[{"start":{"line":8,"column":23},"end":{"line":8,"column":27}},{"start":{"line":8,"column":31},"end":{"line":8,"column":51}},{"start":{"line":8,"column":56},"end":{"line":10,"column":1}}],"line":8},"11":{"loc":{"start":{"line":9,"column":11},"end":{"line":9,"column":61}},"type":"cond-expr","locations":[{"start":{"line":9,"column":37},"end":{"line":9,"column":40}},{"start":{"line":9,"column":43},"end":{"line":9,"column":61}}],"line":9},"12":{"loc":{"start":{"line":9,"column":12},"end":{"line":9,"column":33}},"type":"binary-expr","locations":[{"start":{"line":9,"column":12},"end":{"line":9,"column":15}},{"start":{"line":9,"column":19},"end":{"line":9,"column":33}}],"line":9},"13":{"loc":{"start":{"line":16,"column":4},"end":{"line":17,"column":17}},"type":"if","locations":[{"start":{"line":16,"column":4},"end":{"line":17,"column":17}},{"start":{},"end":{}}],"line":16},"14":{"loc":{"start":{"line":16,"column":8},"end":{"line":16,"column":38}},"type":"binary-expr","locations":[{"start":{"line":16,"column":8},"end":{"line":16,"column":21}},{"start":{"line":16,"column":25},"end":{"line":16,"column":38}}],"line":16},"15":{"loc":{"start":{"line":18,"column":4},"end":{"line":19,"column":17}},"type":"if","locations":[{"start":{"line":18,"column":4},"end":{"line":19,"column":17}},{"start":{},"end":{}}],"line":18},"16":{"loc":{"start":{"line":20,"column":4},"end":{"line":21,"column":18}},"type":"if","locations":[{"start":{"line":20,"column":4},"end":{"line":21,"column":18}},{"start":{},"end":{}}],"line":20},"17":{"loc":{"start":{"line":22,"column":4},"end":{"line":23,"column":18}},"type":"if","locations":[{"start":{"line":22,"column":4},"end":{"line":23,"column":18}},{"start":{},"end":{}}],"line":22},"18":{"loc":{"start":{"line":22,"column":8},"end":{"line":22,"column":69}},"type":"binary-expr","locations":[{"start":{"line":22,"column":8},"end":{"line":22,"column":36}},{"start":{"line":22,"column":40},"end":{"line":22,"column":69}}],"line":22},"19":{"loc":{"start":{"line":24,"column":4},"end":{"line":25,"column":17}},"type":"if","locations":[{"start":{"line":24,"column":4},"end":{"line":25,"column":17}},{"start":{},"end":{}}],"line":24},"20":{"loc":{"start":{"line":24,"column":8},"end":{"line":24,"column":69}},"type":"binary-expr","locations":[{"start":{"line":24,"column":8},"end":{"line":24,"column":36}},{"start":{"line":24,"column":40},"end":{"line":24,"column":69}}],"line":24},"21":{"loc":{"start":{"line":26,"column":4},"end":{"line":27,"column":17}},"type":"if","locations":[{"start":{"line":26,"column":4},"end":{"line":27,"column":17}},{"start":{},"end":{}}],"line":26},"22":{"loc":{"start":{"line":28,"column":4},"end":{"line":29,"column":18}},"type":"if","locations":[{"start":{"line":28,"column":4},"end":{"line":29,"column":18}},{"start":{},"end":{}}],"line":28},"23":{"loc":{"start":{"line":73,"column":12},"end":{"line":74,"column":29}},"type":"if","locations":[{"start":{"line":73,"column":12},"end":{"line":74,"column":29}},{"start":{},"end":{}}],"line":73}},"s":{"0":2,"1":2,"2":2,"3":2,"4":2,"5":0,"6":0,"7":0,"8":0,"9":2,"10":2,"11":2,"12":2,"13":2,"14":2,"15":2,"16":5,"17":0,"18":5,"19":4,"20":1,"21":0,"22":1,"23":0,"24":1,"25":1,"26":0,"27":0,"28":0,"29":0,"30":0,"31":2,"32":2,"33":2,"34":1,"35":6,"36":3,"37":3,"38":0,"39":3,"40":1,"41":2,"42":2},"f":{"0":2,"1":2,"2":5,"3":2,"4":1,"5":6,"6":3,"7":1},"b":{"0":[2,2,2],"1":[2,0],"2":[0,0],"3":[2,0],"4":[2,2],"5":[0,0],"6":[0,0],"7":[0,0],"8":[0,0],"9":[2,0,0],"10":[2,2,2],"11":[0,2],"12":[2,2],"13":[0,5],"14":[5,1],"15":[4,1],"16":[0,1],"17":[0,1],"18":[1,0],"19":[1,0],"20":[1,1],"21":[0,0],"22":[0,0],"23":[0,3]},"inputSourceMap":null,"_coverageSchema":"1a1c01bbd47fc00a2c39e90264f33305004495a9","hash":"fa97a4014cdeeab027fa7057c2ad941d2216a982"}
,"/home/eyal/dev/repo-ng/src/pagination/pagination.service.ts": {"path":"/home/eyal/dev/repo-ng/src/pagination/pagination.service.ts","statementMap":{"0":{"start":{"line":1,"column":0},"end":{"line":1,"column":44}},"1":{"start":{"line":2,"column":0},"end":{"line":2,"column":31}},"2":{"start":{"line":3,"column":0},"end":{"line":3,"column":72}},"3":{"start":{"line":6,"column":0},"end":{"line":6,"column":42}},"4":{"start":{"line":10,"column":0},"end":{"line":69,"column":null}},"5":{"start":{"line":11,"column":22},"end":{"line":11,"column":42}},"6":{"start":{"line":17,"column":4},"end":{"line":19,"column":null}},"7":{"start":{"line":18,"column":6},"end":{"line":18,"column":16}},"8":{"start":{"line":21,"column":4},"end":{"line":23,"column":null}},"9":{"start":{"line":22,"column":6},"end":{"line":22,"column":18}},"10":{"start":{"line":25,"column":37},"end":{"line":29,"column":6}},"11":{"start":{"line":31,"column":31},"end":{"line":37,"column":null}},"12":{"start":{"line":40,"column":4},"end":{"line":40,"column":65}},"13":{"start":{"line":40,"column":42},"end":{"line":40,"column":63}},"14":{"start":{"line":42,"column":4},"end":{"line":46,"column":6}},"15":{"start":{"line":44,"column":26},"end":{"line":44,"column":50}},"16":{"start":{"line":45,"column":20},"end":{"line":45,"column":24}},"17":{"start":{"line":48,"column":4},"end":{"line":52,"column":6}},"18":{"start":{"line":50,"column":26},"end":{"line":50,"column":49}},"19":{"start":{"line":51,"column":20},"end":{"line":51,"column":24}},"20":{"start":{"line":54,"column":21},"end":{"line":54,"column":25}},"21":{"start":{"line":55,"column":17},"end":{"line":55,"column":61}},"22":{"start":{"line":55,"column":52},"end":{"line":55,"column":57}},"23":{"start":{"line":56,"column":4},"end":{"line":64,"column":null}},"24":{"start":{"line":57,"column":6},"end":{"line":60,"column":11}},"25":{"start":{"line":58,"column":43},"end":{"line":58,"column":58}},"26":{"start":{"line":59,"column":15},"end":{"line":59,"column":19}},"27":{"start":{"line":62,"column":6},"end":{"line":62,"column":33}},"28":{"start":{"line":63,"column":6},"end":{"line":63,"column":20}},"29":{"start":{"line":66,"column":4},"end":{"line":66,"column":51}},"30":{"start":{"line":67,"column":4},"end":{"line":67,"column":18}},"31":{"start":{"line":10,"column":13},"end":{"line":69,"column":null}},"32":{"start":{"line":10,"column":13},"end":{"line":10,"column":30}}},"fnMap":{"0":{"name":"(anonymous_2)","decl":{"start":{"line":11,"column":2},"end":{"line":11,"column":22}},"loc":{"start":{"line":11,"column":60},"end":{"line":11,"column":64}}},"1":{"name":"(anonymous_3)","decl":{"start":{"line":12,"column":2},"end":{"line":12,"column":7}},"loc":{"start":{"line":15,"column":15},"end":{"line":68,"column":3}}},"2":{"name":"(anonymous_4)","decl":{"start":{"line":40,"column":32},"end":{"line":40,"column":33}},"loc":{"start":{"line":40,"column":42},"end":{"line":40,"column":63}}},"3":{"name":"(anonymous_5)","decl":{"start":{"line":44,"column":16},"end":{"line":44,"column":17}},"loc":{"start":{"line":44,"column":26},"end":{"line":44,"column":50}}},"4":{"name":"(anonymous_6)","decl":{"start":{"line":45,"column":13},"end":{"line":45,"column":14}},"loc":{"start":{"line":45,"column":20},"end":{"line":45,"column":24}}},"5":{"name":"(anonymous_7)","decl":{"start":{"line":50,"column":16},"end":{"line":50,"column":17}},"loc":{"start":{"line":50,"column":26},"end":{"line":50,"column":49}}},"6":{"name":"(anonymous_8)","decl":{"start":{"line":51,"column":13},"end":{"line":51,"column":14}},"loc":{"start":{"line":51,"column":20},"end":{"line":51,"column":24}}},"7":{"name":"(anonymous_9)","decl":{"start":{"line":55,"column":45},"end":{"line":55,"column":46}},"loc":{"start":{"line":55,"column":52},"end":{"line":55,"column":57}}},"8":{"name":"(anonymous_10)","decl":{"start":{"line":58,"column":36},"end":{"line":58,"column":37}},"loc":{"start":{"line":58,"column":43},"end":{"line":58,"column":58}}},"9":{"name":"(anonymous_11)","decl":{"start":{"line":59,"column":8},"end":{"line":59,"column":9}},"loc":{"start":{"line":59,"column":15},"end":{"line":59,"column":19}}}},"branchMap":{"0":{"loc":{"start":{"line":15,"column":4},"end":{"line":15,"column":15}},"type":"default-arg","locations":[{"start":{"line":15,"column":12},"end":{"line":15,"column":15}}]},"1":{"loc":{"start":{"line":17,"column":4},"end":{"line":19,"column":null}},"type":"if","locations":[{"start":{"line":17,"column":4},"end":{"line":19,"column":null}}]},"2":{"loc":{"start":{"line":21,"column":4},"end":{"line":23,"column":null}},"type":"if","locations":[{"start":{"line":21,"column":4},"end":{"line":23,"column":null}}]},"3":{"loc":{"start":{"line":56,"column":4},"end":{"line":64,"column":null}},"type":"if","locations":[{"start":{"line":56,"column":4},"end":{"line":64,"column":null}},{"start":{"line":61,"column":11},"end":{"line":64,"column":null}}]}},"s":{"0":1,"1":1,"2":1,"3":1,"4":1,"5":1,"6":2,"7":2,"8":2,"9":0,"10":2,"11":2,"12":2,"13":2,"14":2,"15":2,"16":2,"17":2,"18":2,"19":0,"20":2,"21":2,"22":2,"23":2,"24":2,"25":2,"26":2,"27":0,"28":0,"29":2,"30":2,"31":1,"32":1},"f":{"0":1,"1":2,"2":2,"3":2,"4":2,"5":2,"6":0,"7":2,"8":2,"9":2},"b":{"0":[0],"1":[2],"2":[0],"3":[2,0]}}
,"/home/eyal/dev/repo-ng/src/persistency/mock.persistency.service.ts": {"path":"/home/eyal/dev/repo-ng/src/persistency/mock.persistency.service.ts","statementMap":{"0":{"start":{"line":1,"column":0},"end":{"line":1,"column":44}},"1":{"start":{"line":2,"column":0},"end":{"line":2,"column":60}},"2":{"start":{"line":5,"column":0},"end":{"line":5,"column":41}},"3":{"start":{"line":9,"column":0},"end":{"line":9,"column":59}},"4":{"start":{"line":16,"column":0},"end":{"line":56,"column":null}},"5":{"start":{"line":17,"column":10},"end":{"line":17,"column":32}},"6":{"start":{"line":20,"column":4},"end":{"line":20,"column":21}},"7":{"start":{"line":27,"column":53},"end":{"line":27,"column":60}},"8":{"start":{"line":29,"column":16},"end":{"line":29,"column":25}},"9":{"start":{"line":31,"column":4},"end":{"line":33,"column":null}},"10":{"start":{"line":32,"column":6},"end":{"line":32,"column":67}},"11":{"start":{"line":32,"column":41},"end":{"line":32,"column":65}},"12":{"start":{"line":35,"column":4},"end":{"line":37,"column":null}},"13":{"start":{"line":36,"column":6},"end":{"line":36,"column":72}},"14":{"start":{"line":36,"column":37},"end":{"line":36,"column":70}},"15":{"start":{"line":39,"column":4},"end":{"line":45,"column":null}},"16":{"start":{"line":40,"column":6},"end":{"line":44,"column":9}},"17":{"start":{"line":41,"column":39},"end":{"line":41,"column":68}},"18":{"start":{"line":42,"column":8},"end":{"line":42,"column":53}},"19":{"start":{"line":42,"column":40},"end":{"line":42,"column":53}},"20":{"start":{"line":43,"column":8},"end":{"line":43,"column":20}},"21":{"start":{"line":47,"column":4},"end":{"line":50,"column":null}},"22":{"start":{"line":48,"column":6},"end":{"line":48,"column":42}},"23":{"start":{"line":49,"column":6},"end":{"line":49,"column":36}},"24":{"start":{"line":52,"column":4},"end":{"line":54,"column":7}},"25":{"start":{"line":53,"column":6},"end":{"line":53,"column":69}},"26":{"start":{"line":16,"column":13},"end":{"line":56,"column":null}},"27":{"start":{"line":16,"column":13},"end":{"line":16,"column":35}}},"fnMap":{"0":{"name":"(anonymous_1)","decl":{"start":{"line":16,"column":0},"end":{"line":16,"column":13}},"loc":{"start":{"line":16,"column":0},"end":{"line":56,"column":1}}},"1":{"name":"(anonymous_2)","decl":{"start":{"line":19,"column":2},"end":{"line":19,"column":7}},"loc":{"start":{"line":19,"column":29},"end":{"line":21,"column":3}}},"2":{"name":"(anonymous_3)","decl":{"start":{"line":23,"column":2},"end":{"line":23,"column":7}},"loc":{"start":{"line":25,"column":26},"end":{"line":55,"column":3}}},"3":{"name":"(anonymous_4)","decl":{"start":{"line":32,"column":31},"end":{"line":32,"column":32}},"loc":{"start":{"line":32,"column":41},"end":{"line":32,"column":65}}},"4":{"name":"(anonymous_5)","decl":{"start":{"line":36,"column":27},"end":{"line":36,"column":28}},"loc":{"start":{"line":36,"column":37},"end":{"line":36,"column":70}}},"5":{"name":"(anonymous_6)","decl":{"start":{"line":40,"column":27},"end":{"line":40,"column":28}},"loc":{"start":{"line":40,"column":36},"end":{"line":44,"column":7}}},"6":{"name":"(anonymous_7)","decl":{"start":{"line":52,"column":21},"end":{"line":52,"column":22}},"loc":{"start":{"line":52,"column":30},"end":{"line":54,"column":5}}}},"branchMap":{"0":{"loc":{"start":{"line":27,"column":27},"end":{"line":27,"column":48}},"type":"default-arg","locations":[{"start":{"line":27,"column":43},"end":{"line":27,"column":48}}]},"1":{"loc":{"start":{"line":31,"column":4},"end":{"line":33,"column":null}},"type":"if","locations":[{"start":{"line":31,"column":4},"end":{"line":33,"column":null}}]},"2":{"loc":{"start":{"line":35,"column":4},"end":{"line":37,"column":null}},"type":"if","locations":[{"start":{"line":35,"column":4},"end":{"line":37,"column":null}}]},"3":{"loc":{"start":{"line":39,"column":4},"end":{"line":45,"column":null}},"type":"if","locations":[{"start":{"line":39,"column":4},"end":{"line":45,"column":null}}]},"4":{"loc":{"start":{"line":42,"column":8},"end":{"line":42,"column":53}},"type":"if","locations":[{"start":{"line":42,"column":8},"end":{"line":42,"column":53}}]},"5":{"loc":{"start":{"line":47,"column":4},"end":{"line":50,"column":null}},"type":"if","locations":[{"start":{"line":47,"column":4},"end":{"line":50,"column":null}}]}},"s":{"0":2,"1":2,"2":2,"3":2,"4":2,"5":2,"6":1,"7":2,"8":2,"9":2,"10":0,"11":0,"12":2,"13":2,"14":6,"15":2,"16":2,"17":2,"18":2,"19":0,"20":2,"21":2,"22":2,"23":2,"24":2,"25":2,"26":2,"27":2},"f":{"0":2,"1":1,"2":2,"3":0,"4":6,"5":2,"6":2},"b":{"0":[0],"1":[0],"2":[2],"3":[2],"4":[0],"5":[2]}}
,"/home/eyal/dev/repo-ng/src/persistency/persistency.service.ts": {"path":"/home/eyal/dev/repo-ng/src/persistency/persistency.service.ts","statementMap":{"0":{"start":{"line":1,"column":0},"end":{"line":1,"column":44}},"1":{"start":{"line":7,"column":0},"end":{"line":12,"column":null}},"2":{"start":{"line":7,"column":22},"end":{"line":12,"column":null}},"3":{"start":{"line":7,"column":22},"end":{"line":7,"column":40}}},"fnMap":{},"branchMap":{},"s":{"0":2,"1":2,"2":2,"3":2},"f":{},"b":{}}
,"/home/eyal/dev/repo-ng/src/utils/compare.entities.ts": {"path":"/home/eyal/dev/repo-ng/src/utils/compare.entities.ts","statementMap":{"0":{"start":{"line":2,"column":0},"end":{"line":2,"column":34}},"1":{"start":{"line":5,"column":2},"end":{"line":5,"column":47}},"2":{"start":{"line":5,"column":38},"end":{"line":5,"column":47}},"3":{"start":{"line":6,"column":2},"end":{"line":6,"column":28}},"4":{"start":{"line":6,"column":19},"end":{"line":6,"column":28}},"5":{"start":{"line":7,"column":2},"end":{"line":7,"column":29}},"6":{"start":{"line":7,"column":19},"end":{"line":7,"column":29}},"7":{"start":{"line":8,"column":2},"end":{"line":8,"column":47}},"8":{"start":{"line":8,"column":37},"end":{"line":8,"column":47}},"9":{"start":{"line":9,"column":2},"end":{"line":9,"column":46}},"10":{"start":{"line":9,"column":37},"end":{"line":9,"column":46}},"11":{"start":{"line":10,"column":2},"end":{"line":10,"column":28}},"12":{"start":{"line":10,"column":19},"end":{"line":10,"column":28}},"13":{"start":{"line":11,"column":2},"end":{"line":11,"column":29}},"14":{"start":{"line":11,"column":19},"end":{"line":11,"column":29}},"15":{"start":{"line":12,"column":2},"end":{"line":12,"column":11}},"16":{"start":{"line":4,"column":0},"end":{"line":4,"column":16}}},"fnMap":{"0":{"name":"compareEntities","decl":{"start":{"line":4,"column":16},"end":{"line":4,"column":31}},"loc":{"start":{"line":4,"column":60},"end":{"line":13,"column":1}}}},"branchMap":{"0":{"loc":{"start":{"line":5,"column":2},"end":{"line":5,"column":47}},"type":"if","locations":[{"start":{"line":5,"column":2},"end":{"line":5,"column":47}}]},"1":{"loc":{"start":{"line":5,"column":6},"end":{"line":5,"column":36}},"type":"binary-expr","locations":[{"start":{"line":5,"column":6},"end":{"line":5,"column":19}},{"start":{"line":5,"column":23},"end":{"line":5,"column":36}}]},"2":{"loc":{"start":{"line":6,"column":2},"end":{"line":6,"column":28}},"type":"if","locations":[{"start":{"line":6,"column":2},"end":{"line":6,"column":28}}]},"3":{"loc":{"start":{"line":7,"column":2},"end":{"line":7,"column":29}},"type":"if","locations":[{"start":{"line":7,"column":2},"end":{"line":7,"column":29}}]},"4":{"loc":{"start":{"line":8,"column":2},"end":{"line":8,"column":47}},"type":"if","locations":[{"start":{"line":8,"column":2},"end":{"line":8,"column":47}}]},"5":{"loc":{"start":{"line":8,"column":6},"end":{"line":8,"column":35}},"type":"binary-expr","locations":[{"start":{"line":8,"column":6},"end":{"line":8,"column":19}},{"start":{"line":8,"column":23},"end":{"line":8,"column":35}}]},"6":{"loc":{"start":{"line":9,"column":2},"end":{"line":9,"column":46}},"type":"if","locations":[{"start":{"line":9,"column":2},"end":{"line":9,"column":46}}]},"7":{"loc":{"start":{"line":9,"column":6},"end":{"line":9,"column":35}},"type":"binary-expr","locations":[{"start":{"line":9,"column":6},"end":{"line":9,"column":19}},{"start":{"line":9,"column":23},"end":{"line":9,"column":35}}]},"8":{"loc":{"start":{"line":10,"column":2},"end":{"line":10,"column":28}},"type":"if","locations":[{"start":{"line":10,"column":2},"end":{"line":10,"column":28}}]},"9":{"loc":{"start":{"line":11,"column":2},"end":{"line":11,"column":29}},"type":"if","locations":[{"start":{"line":11,"column":2},"end":{"line":11,"column":29}}]}},"s":{"0":2,"1":2,"2":1,"3":1,"4":0,"5":1,"6":0,"7":1,"8":0,"9":1,"10":1,"11":0,"12":0,"13":0,"14":0,"15":0,"16":2},"f":{"0":2},"b":{"0":[1],"1":[2,2],"2":[0],"3":[0],"4":[0],"5":[1,0],"6":[1],"7":[1,1],"8":[0],"9":[0]}}
,"/home/eyal/dev/repo-ng/src/utils/exists.ts": {"path":"/home/eyal/dev/repo-ng/src/utils/exists.ts","statementMap":{"0":{"start":{"line":1,"column":0},"end":{"line":1,"column":31}},"1":{"start":{"line":3,"column":2},"end":{"line":3,"column":19}},"2":{"start":{"line":2,"column":0},"end":{"line":2,"column":16}}},"fnMap":{"0":{"name":"exists","decl":{"start":{"line":2,"column":16},"end":{"line":2,"column":22}},"loc":{"start":{"line":2,"column":29},"end":{"line":4,"column":1}}}},"branchMap":{},"s":{"0":2,"1":9,"2":2},"f":{"0":9},"b":{}}
,"/home/eyal/dev/repo-ng/src/utils/next.dv.ts": {"path":"/home/eyal/dev/repo-ng/src/utils/next.dv.ts","statementMap":{"0":{"start":{"line":1,"column":0},"end":{"line":1,"column":31}},"1":{"start":{"line":4,"column":19},"end":{"line":4,"column":22}},"2":{"start":{"line":5,"column":2},"end":{"line":6,"column":64}},"3":{"start":{"line":6,"column":4},"end":{"line":6,"column":64}},"4":{"start":{"line":7,"column":2},"end":{"line":7,"column":29}},"5":{"start":{"line":3,"column":0},"end":{"line":3,"column":16}}},"fnMap":{"0":{"name":"nextDv","decl":{"start":{"line":3,"column":16},"end":{"line":3,"column":22}},"loc":{"start":{"line":3,"column":29},"end":{"line":8,"column":1}}}},"branchMap":{"0":{"loc":{"start":{"line":5,"column":2},"end":{"line":6,"column":64}},"type":"if","locations":[{"start":{"line":5,"column":2},"end":{"line":6,"column":64}}]}},"s":{"0":1,"1":0,"2":0,"3":0,"4":0,"5":1},"f":{"0":0},"b":{"0":[0]}}
}
