TN:
SF:dist/src/pagination/pagination.service.js
FN:2,(anonymous_0)
FN:8,(anonymous_1)
FN:16,(anonymous_2)
FN:19,(anonymous_3)
FNF:4
FNH:4
FNDA:1,(anonymous_0)
FNDA:1,(anonymous_1)
FNDA:1,(anonymous_2)
FNDA:1,(anonymous_3)
DA:2,1
DA:3,1
DA:4,1
DA:5,0
DA:6,1
DA:8,1
DA:9,1
DA:11,1
DA:12,1
DA:13,1
DA:14,1
DA:15,1
DA:17,1
DA:20,1
DA:24,1
DA:25,1
DA:28,1
DA:32,1
LF:18
LH:17
BRDA:2,0,0,1
BRDA:2,0,1,1
BRDA:2,0,2,1
BRDA:3,1,0,1
BRDA:3,1,1,0
BRDA:3,2,0,0
BRDA:3,2,1,0
BRDA:4,3,0,1
BRDA:4,3,1,0
BRDA:4,4,0,1
BRDA:4,4,1,1
BRDA:5,5,0,0
BRDA:5,5,1,0
BRDA:5,6,0,0
BRDA:5,6,1,0
BRDA:5,7,0,0
BRDA:5,7,1,0
BRDA:5,8,0,0
BRDA:5,8,1,0
BRDA:6,9,0,1
BRDA:6,9,1,0
BRDA:6,9,2,0
BRDA:8,10,0,1
BRDA:8,10,1,1
BRDA:8,10,2,1
BRDA:9,11,0,1
BRDA:9,11,1,0
BRDA:9,12,0,1
BRDA:9,12,1,1
BRDA:19,13,0,0
BRF:30
BRH:14
end_of_record
TN:
SF:dist/src/persistency/persistency.module.js
FN:2,(anonymous_0)
FNF:1
FNH:1
FNDA:1,(anonymous_0)
DA:2,1
DA:3,1
DA:4,1
DA:5,0
DA:6,1
DA:8,1
DA:9,1
DA:10,1
DA:11,1
DA:12,1
DA:14,1
DA:20,1
LF:12
LH:11
BRDA:2,0,0,1
BRDA:2,0,1,1
BRDA:2,0,2,1
BRDA:3,1,0,1
BRDA:3,1,1,0
BRDA:3,2,0,0
BRDA:3,2,1,0
BRDA:4,3,0,1
BRDA:4,3,1,0
BRDA:4,4,0,1
BRDA:4,4,1,1
BRDA:5,5,0,0
BRDA:5,5,1,0
BRDA:5,6,0,0
BRDA:5,6,1,0
BRDA:5,7,0,0
BRDA:5,7,1,0
BRDA:5,8,0,0
BRDA:5,8,1,0
BRDA:6,9,0,1
BRDA:6,9,1,0
BRDA:6,9,2,0
BRF:22
BRH:8
end_of_record
TN:
SF:dist/src/persistency/persistency.service.js
FN:2,(anonymous_0)
FN:8,(anonymous_1)
FN:15,sortByDvAndId
FN:34,(anonymous_3)
FN:68,(anonymous_4)
FN:70,(anonymous_5)
FN:71,(anonymous_6)
FN:79,(anonymous_7)
FNF:8
FNH:8
FNDA:2,(anonymous_0)
FNDA:2,(anonymous_1)
FNDA:5,sortByDvAndId
FNDA:2,(anonymous_3)
FNDA:1,(anonymous_4)
FNDA:6,(anonymous_5)
FNDA:3,(anonymous_6)
FNDA:1,(anonymous_7)
DA:2,2
DA:3,2
DA:4,2
DA:5,0
DA:6,2
DA:8,2
DA:9,2
DA:11,2
DA:12,2
DA:13,2
DA:14,2
DA:16,5
DA:17,0
DA:18,5
DA:19,4
DA:20,1
DA:21,0
DA:22,1
DA:23,0
DA:24,1
DA:25,1
DA:26,0
DA:27,0
DA:28,0
DA:29,0
DA:30,0
DA:32,2
DA:33,2
DA:35,2
DA:69,1
DA:70,6
DA:72,3
DA:73,3
DA:74,0
DA:75,3
DA:80,1
DA:84,2
DA:87,2
LF:38
LH:28
BRDA:2,0,0,2
BRDA:2,0,1,2
BRDA:2,0,2,2
BRDA:3,1,0,2
BRDA:3,1,1,0
BRDA:3,2,0,0
BRDA:3,2,1,0
BRDA:4,3,0,2
BRDA:4,3,1,0
BRDA:4,4,0,2
BRDA:4,4,1,2
BRDA:5,5,0,0
BRDA:5,5,1,0
BRDA:5,6,0,0
BRDA:5,6,1,0
BRDA:5,7,0,0
BRDA:5,7,1,0
BRDA:5,8,0,0
BRDA:5,8,1,0
BRDA:6,9,0,2
BRDA:6,9,1,0
BRDA:6,9,2,0
BRDA:8,10,0,2
BRDA:8,10,1,2
BRDA:8,10,2,2
BRDA:9,11,0,0
BRDA:9,11,1,2
BRDA:9,12,0,2
BRDA:9,12,1,2
BRDA:16,13,0,0
BRDA:16,13,1,5
BRDA:16,14,0,5
BRDA:16,14,1,1
BRDA:18,15,0,4
BRDA:18,15,1,1
BRDA:20,16,0,0
BRDA:20,16,1,1
BRDA:22,17,0,0
BRDA:22,17,1,1
BRDA:22,18,0,1
BRDA:22,18,1,0
BRDA:24,19,0,1
BRDA:24,19,1,0
BRDA:24,20,0,1
BRDA:24,20,1,1
BRDA:26,21,0,0
BRDA:26,21,1,0
BRDA:28,22,0,0
BRDA:28,22,1,0
BRDA:73,23,0,0
BRDA:73,23,1,3
BRF:51
BRH:26
end_of_record
TN:
SF:src/pagination/pagination.service.ts
FN:11,(anonymous_2)
FN:12,(anonymous_3)
FN:32,(anonymous_4)
FN:36,(anonymous_5)
FN:37,(anonymous_6)
FN:42,(anonymous_7)
FN:43,(anonymous_8)
FN:46,(anonymous_9)
FN:50,(anonymous_10)
FN:51,(anonymous_11)
FNF:10
FNH:9
FNDA:1,(anonymous_2)
FNDA:1,(anonymous_3)
FNDA:1,(anonymous_4)
FNDA:1,(anonymous_5)
FNDA:1,(anonymous_6)
FNDA:1,(anonymous_7)
FNDA:0,(anonymous_8)
FNDA:1,(anonymous_9)
FNDA:1,(anonymous_10)
FNDA:1,(anonymous_11)
DA:1,1
DA:2,1
DA:3,1
DA:6,1
DA:10,1
DA:11,1
DA:17,1
DA:23,1
DA:32,1
DA:34,1
DA:36,1
DA:37,1
DA:40,1
DA:42,1
DA:43,0
DA:46,1
DA:48,1
DA:49,1
DA:50,1
DA:51,1
DA:54,0
DA:55,0
DA:58,1
DA:59,1
LF:24
LH:21
BRDA:15,0,0,0
BRDA:48,1,0,1
BRDA:48,1,1,0
BRF:3
BRH:1
end_of_record
TN:
SF:src/persistency/mock.persistency.service.ts
FN:16,(anonymous_1)
FN:19,(anonymous_2)
FN:23,(anonymous_3)
FN:32,(anonymous_4)
FN:36,(anonymous_5)
FN:40,(anonymous_6)
FN:52,(anonymous_7)
FNF:7
FNH:6
FNDA:1,(anonymous_1)
FNDA:1,(anonymous_2)
FNDA:1,(anonymous_3)
FNDA:0,(anonymous_4)
FNDA:3,(anonymous_5)
FNDA:1,(anonymous_6)
FNDA:1,(anonymous_7)
DA:1,1
DA:2,1
DA:5,1
DA:9,1
DA:16,1
DA:17,1
DA:20,1
DA:27,1
DA:29,1
DA:31,1
DA:32,0
DA:35,1
DA:36,3
DA:39,1
DA:40,1
DA:41,1
DA:42,1
DA:43,1
DA:47,1
DA:48,1
DA:49,1
DA:52,1
DA:53,1
LF:23
LH:22
BRDA:27,0,0,0
BRDA:31,1,0,0
BRDA:35,2,0,1
BRDA:39,3,0,1
BRDA:42,4,0,0
BRDA:47,5,0,1
BRF:6
BRH:3
end_of_record
TN:
SF:src/persistency/persistency.service.ts
FNF:0
FNH:0
DA:1,1
DA:7,1
LF:2
LH:2
BRF:0
BRH:0
end_of_record
TN:
SF:src/utils/compare.entities.ts
FN:4,compareEntities
FNF:1
FNH:1
FNDA:1,compareEntities
DA:2,1
DA:4,1
DA:5,1
DA:6,1
DA:7,1
DA:8,1
DA:9,1
DA:10,0
DA:11,0
DA:12,0
LF:10
LH:7
BRDA:5,0,0,0
BRDA:5,1,0,1
BRDA:5,1,1,1
BRDA:6,2,0,0
BRDA:7,3,0,0
BRDA:8,4,0,0
BRDA:8,5,0,1
BRDA:8,5,1,0
BRDA:9,6,0,1
BRDA:9,7,0,1
BRDA:9,7,1,1
BRDA:10,8,0,0
BRDA:11,9,0,0
BRF:13
BRH:6
end_of_record
TN:
SF:src/utils/exists.ts
FN:2,exists
FNF:1
FNH:1
FNDA:6,exists
DA:1,1
DA:2,1
DA:3,6
LF:3
LH:3
BRF:0
BRH:0
end_of_record
TN:
SF:src/utils/next.dv.ts
FN:3,nextDv
FNF:1
FNH:0
FNDA:0,nextDv
DA:1,1
DA:3,1
DA:4,0
DA:5,0
DA:6,0
DA:7,0
LF:6
LH:2
BRDA:5,0,0,0
BRF:1
BRH:0
end_of_record
